d:\programs\architecture\griffiths.jimmy\midterm\graphicslib\debug\graphicslib.pdb
d:\programs\architecture\griffiths.jimmy\midterm\graphicslib\debug\graphicslib.idb
d:\programs\architecture\griffiths.jimmy\midterm\graphicslib\debug\color.obj
d:\programs\architecture\griffiths.jimmy\midterm\graphicslib\debug\event.obj
d:\programs\architecture\griffiths.jimmy\midterm\graphicslib\debug\eventlistener.obj
d:\programs\architecture\griffiths.jimmy\midterm\graphicslib\debug\eventsystem.obj
d:\programs\architecture\griffiths.jimmy\midterm\graphicslib\debug\font.obj
d:\programs\architecture\griffiths.jimmy\midterm\graphicslib\debug\graphicsbuffer.obj
d:\programs\architecture\griffiths.jimmy\midterm\graphicslib\debug\graphicslib.obj
d:\programs\architecture\griffiths.jimmy\midterm\graphicslib\debug\graphicssystem.obj
d:\programs\architecture\griffiths.jimmy\midterm\graphicslib\debug\inputsystem.obj
d:\programs\architecture\griffiths.jimmy\midterm\graphicslib\debug\sprite.obj
d:\programs\architecture\griffiths.jimmy\midterm\graphicslib\debug\system.obj
d:\programs\architecture\griffiths.jimmy\midterm\graphicslib\debug\graphicslib.lib
d:\programs\architecture\griffiths.jimmy\midterm\graphicslib\debug\graphicslib.tlog\cl.command.1.tlog
d:\programs\architecture\griffiths.jimmy\midterm\graphicslib\debug\graphicslib.tlog\cl.read.1.tlog
d:\programs\architecture\griffiths.jimmy\midterm\graphicslib\debug\graphicslib.tlog\cl.write.1.tlog
d:\programs\architecture\griffiths.jimmy\midterm\graphicslib\debug\graphicslib.tlog\lib-link.read.1.tlog
d:\programs\architecture\griffiths.jimmy\midterm\graphicslib\debug\graphicslib.tlog\lib-link.write.1.tlog
d:\programs\architecture\griffiths.jimmy\midterm\graphicslib\debug\graphicslib.tlog\lib.command.1.tlog
